{"total": {"lines":{"total":83,"covered":83,"skipped":0,"pct":100},"statements":{"total":83,"covered":83,"skipped":0,"pct":100},"functions":{"total":4,"covered":4,"skipped":0,"pct":100},"branches":{"total":55,"covered":50,"skipped":0,"pct":90.9},"branchesTrue":{"total":0,"covered":0,"skipped":0,"pct":"Unknown"}}
,"/workspaces/pre-commit-action/src/index.ts": {"lines":{"total":2,"covered":2,"skipped":0,"pct":100},"functions":{"total":0,"covered":0,"skipped":0,"pct":100},"statements":{"total":2,"covered":2,"skipped":0,"pct":100},"branches":{"total":0,"covered":0,"skipped":0,"pct":100}}
,"/workspaces/pre-commit-action/src/main.ts": {"lines":{"total":81,"covered":81,"skipped":0,"pct":100},"functions":{"total":4,"covered":4,"skipped":0,"pct":100},"statements":{"total":81,"covered":81,"skipped":0,"pct":100},"branches":{"total":55,"covered":50,"skipped":0,"pct":90.9}}
}
